<?xml version="1.0" encoding="UTF-8"?>
<!-- Generated by org.testng.reporters.JUnitReportReporter -->
<testsuite skipped="0" hostname="LAPTOP-Q5CF0J9N" name="core_Swagger.Swagger" tests="1" failures="0" timestamp="2020-02-13T17:33:30 IST" time="4.697" errors="1">
  <testcase name="loadDriver" time="4.697" classname="core_Swagger.Swagger">
    <error type="org.openqa.selenium.SessionNotCreatedException" message="session not created: This version of ChromeDriver only supports Chrome version 78
Build info: version: &#039;3.141.59&#039;, revision: &#039;e82be7d358&#039;, time: &#039;2018-11-14T08:17:03&#039;
System info: host: &#039;LAPTOP-Q5CF0J9N&#039;, ip: &#039;10.0.0.105&#039;, os.name: &#039;Windows 10&#039;, os.arch: &#039;amd64&#039;, os.version: &#039;10.0&#039;, java.version: &#039;1.8.0_241&#039;
Driver info: driver.version: ChromeDriver
remote stacktrace: Backtrace:
	Ordinal0 [0x006EA923+1550627]
	Ordinal0 [0x0066A731+1025841]
	Ordinal0 [0x005EC715+509717]
	Ordinal0 [0x0057FC68+64616]
	Ordinal0 [0x0057C594+50580]
	Ordinal0 [0x0059ACE7+175335]
	Ordinal0 [0x0059A8ED+174317]
	Ordinal0 [0x00598CDB+167131]
	Ordinal0 [0x0058144A+70730]
	Ordinal0 [0x005824D0+74960]
	Ordinal0 [0x00582469+74857]
	Ordinal0 [0x006842F7+1131255]
	GetHandleVerifier [0x0078711D+523789]
	GetHandleVerifier [0x00786EB0+523168]
	GetHandleVerifier [0x0078E207+552695]
	GetHandleVerifier [0x0078791A+525834]
	Ordinal0 [0x0067B82C+1095724]
	Ordinal0 [0x0068636B+1139563]
	Ordinal0 [0x006864D3+1139923]
	Ordinal0 [0x00685455+1135701]
	BaseThreadInitThunk [0x769E6359+25]
	RtlGetAppContainerNamedObjectPath [0x777A7B74+228]
	RtlGetAppContainerNamedObjectPath [0x777A7B44+180]
">
      <![CDATA[org.openqa.selenium.SessionNotCreatedException: session not created: This version of ChromeDriver only supports Chrome version 78
Build info: version: '3.141.59', revision: 'e82be7d358', time: '2018-11-14T08:17:03'
System info: host: 'LAPTOP-Q5CF0J9N', ip: '10.0.0.105', os.name: 'Windows 10', os.arch: 'amd64', os.version: '10.0', java.version: '1.8.0_241'
Driver info: driver.version: ChromeDriver
remote stacktrace: Backtrace:
Ordinal0 [0x006EA923+1550627]
Ordinal0 [0x0066A731+1025841]
Ordinal0 [0x005EC715+509717]
Ordinal0 [0x0057FC68+64616]
Ordinal0 [0x0057C594+50580]
Ordinal0 [0x0059ACE7+175335]
Ordinal0 [0x0059A8ED+174317]
Ordinal0 [0x00598CDB+167131]
Ordinal0 [0x0058144A+70730]
Ordinal0 [0x005824D0+74960]
Ordinal0 [0x00582469+74857]
Ordinal0 [0x006842F7+1131255]
GetHandleVerifier [0x0078711D+523789]
GetHandleVerifier [0x00786EB0+523168]
GetHandleVerifier [0x0078E207+552695]
GetHandleVerifier [0x0078791A+525834]
Ordinal0 [0x0067B82C+1095724]
Ordinal0 [0x0068636B+1139563]
Ordinal0 [0x006864D3+1139923]
Ordinal0 [0x00685455+1135701]
BaseThreadInitThunk [0x769E6359+25]
RtlGetAppContainerNamedObjectPath [0x777A7B74+228]
RtlGetAppContainerNamedObjectPath [0x777A7B44+180]

at sun.reflect.NativeConstructorAccessorImpl.newInstance0(Native Method)
at sun.reflect.NativeConstructorAccessorImpl.newInstance(Unknown Source)
at sun.reflect.DelegatingConstructorAccessorImpl.newInstance(Unknown Source)
at java.lang.reflect.Constructor.newInstance(Unknown Source)
at org.openqa.selenium.remote.W3CHandshakeResponse.lambda$errorHandler$0(W3CHandshakeResponse.java:62)
at org.openqa.selenium.remote.HandshakeResponse.lambda$getResponseFunction$0(HandshakeResponse.java:30)
at org.openqa.selenium.remote.ProtocolHandshake.lambda$createSession$0(ProtocolHandshake.java:126)
at java.util.stream.ReferencePipeline$3$1.accept(Unknown Source)
at java.util.Spliterators$ArraySpliterator.tryAdvance(Unknown Source)
at java.util.stream.ReferencePipeline.forEachWithCancel(Unknown Source)
at java.util.stream.AbstractPipeline.copyIntoWithCancel(Unknown Source)
at java.util.stream.AbstractPipeline.copyInto(Unknown Source)
at java.util.stream.AbstractPipeline.wrapAndCopyInto(Unknown Source)
at java.util.stream.FindOps$FindOp.evaluateSequential(Unknown Source)
at java.util.stream.AbstractPipeline.evaluate(Unknown Source)
at java.util.stream.ReferencePipeline.findFirst(Unknown Source)
at org.openqa.selenium.remote.ProtocolHandshake.createSession(ProtocolHandshake.java:128)
at org.openqa.selenium.remote.ProtocolHandshake.createSession(ProtocolHandshake.java:74)
at org.openqa.selenium.remote.HttpCommandExecutor.execute(HttpCommandExecutor.java:136)
at org.openqa.selenium.remote.service.DriverCommandExecutor.execute(DriverCommandExecutor.java:83)
at org.openqa.selenium.remote.RemoteWebDriver.execute(RemoteWebDriver.java:552)
at org.openqa.selenium.remote.RemoteWebDriver.startSession(RemoteWebDriver.java:213)
at org.openqa.selenium.remote.RemoteWebDriver.<init>(RemoteWebDriver.java:131)
at org.openqa.selenium.chrome.ChromeDriver.<init>(ChromeDriver.java:181)
at org.openqa.selenium.chrome.ChromeDriver.<init>(ChromeDriver.java:168)
at org.openqa.selenium.chrome.ChromeDriver.<init>(ChromeDriver.java:123)
at core_Swagger.Swagger.loadDriver(Swagger.java:34)
at sun.reflect.NativeMethodAccessorImpl.invoke0(Native Method)
at sun.reflect.NativeMethodAccessorImpl.invoke(Unknown Source)
at sun.reflect.DelegatingMethodAccessorImpl.invoke(Unknown Source)
at java.lang.reflect.Method.invoke(Unknown Source)
at org.testng.internal.MethodInvocationHelper.invokeMethod(MethodInvocationHelper.java:133)
at org.testng.internal.MethodInvocationHelper.invokeMethodConsideringTimeout(MethodInvocationHelper.java:62)
at org.testng.internal.ConfigInvoker.invokeConfigurationMethod(ConfigInvoker.java:340)
at org.testng.internal.ConfigInvoker.invokeConfigurations(ConfigInvoker.java:294)
at org.testng.SuiteRunner.privateRun(SuiteRunner.java:345)
at org.testng.SuiteRunner.run(SuiteRunner.java:304)
at org.testng.SuiteRunnerWorker.runSuite(SuiteRunnerWorker.java:53)
at org.testng.SuiteRunnerWorker.run(SuiteRunnerWorker.java:96)
at org.testng.TestNG.runSuitesSequentially(TestNG.java:1180)
at org.testng.TestNG.runSuitesLocally(TestNG.java:1102)
at org.testng.TestNG.runSuites(TestNG.java:1032)
at org.testng.TestNG.run(TestNG.java:1000)
at org.testng.remote.AbstractRemoteTestNG.run(AbstractRemoteTestNG.java:115)
at org.testng.remote.RemoteTestNG.initAndRun(RemoteTestNG.java:251)
at org.testng.remote.RemoteTestNG.main(RemoteTestNG.java:77)
]]>
    </error>
  </testcase> <!-- loadDriver -->
</testsuite> <!-- core_Swagger.Swagger -->
